<?xml version="1.0" encoding="UTF-8"?>
<testsuite name="sh.qonqrete.intellij.QonQreteServiceTest" tests="46" skipped="0" failures="0" errors="0" timestamp="2026-04-21T16:19:54" hostname="infranux" time="0.099">
  <properties/>
  <testcase name="RunState enum has all expected values()" classname="sh.qonqrete.intellij.QonQreteServiceTest" time="0.022"/>
  <testcase name="QonQreteValidation formatQageTimestamp produces readable format()" classname="sh.qonqrete.intellij.QonQreteServiceTest" time="0.011"/>
  <testcase name="CommandBuilder resume without qage()" classname="sh.qonqrete.intellij.QonQreteServiceTest" time="0.004"/>
  <testcase name="QonQreteValidation parseQageTimestamp returns null for invalid()" classname="sh.qonqrete.intellij.QonQreteServiceTest" time="0.001"/>
  <testcase name="CommandBuilder run with full config()" classname="sh.qonqrete.intellij.QonQreteServiceTest" time="0.003"/>
  <testcase name="QonQreteRunConfig copy works correctly()" classname="sh.qonqrete.intellij.QonQreteServiceTest" time="0.001"/>
  <testcase name="QonQreteValidation requireValidQageName returns valid name()" classname="sh.qonqrete.intellij.QonQreteServiceTest" time="0.001"/>
  <testcase name="ShellEscape toUnixPath converts Windows paths()" classname="sh.qonqrete.intellij.QonQreteServiceTest" time="0.002"/>
  <testcase name="QonQreteValidation sanitizeQonstructionName replaces invalid chars()" classname="sh.qonqrete.intellij.QonQreteServiceTest" time="0.008"/>
  <testcase name="marker file exit code parsing works()" classname="sh.qonqrete.intellij.QonQreteServiceTest" time="0.005"/>
  <testcase name="QonQreteValidation isValidQageName accepts valid names()" classname="sh.qonqrete.intellij.QonQreteServiceTest" time="0.001"/>
  <testcase name="CommandBuilder resume with qage()" classname="sh.qonqrete.intellij.QonQreteServiceTest" time="0.0"/>
  <testcase name="ShellState enum has all expected values()" classname="sh.qonqrete.intellij.QonQreteServiceTest" time="0.001"/>
  <testcase name="QageArtifacts totalCount is correct()" classname="sh.qonqrete.intellij.QonQreteServiceTest" time="0.001"/>
  <testcase name="ShellEscape escape quotes special characters()" classname="sh.qonqrete.intellij.QonQreteServiceTest" time="0.001"/>
  <testcase name="CommandBuilder buildBashScript creates proper script()" classname="sh.qonqrete.intellij.QonQreteServiceTest" time="0.001"/>
  <testcase name="CommandBuilder wrapForBash creates proper wrapping()" classname="sh.qonqrete.intellij.QonQreteServiceTest" time="0.001"/>
  <testcase name="ShellEscape escape preserves safe strings()" classname="sh.qonqrete.intellij.QonQreteServiceTest" time="0.0"/>
  <testcase name="SanitizeResult tracks modifications correctly()" classname="sh.qonqrete.intellij.QonQreteServiceTest" time="0.001"/>
  <testcase name="CommandBuilder buildRestoreCommand without original()" classname="sh.qonqrete.intellij.QonQreteServiceTest" time="0.0"/>
  <testcase name="QonQreteValidation sanitizeQonstructionName preserves valid names()" classname="sh.qonqrete.intellij.QonQreteServiceTest" time="0.0"/>
  <testcase name="orphan cleanup detects backup file()" classname="sh.qonqrete.intellij.QonQreteServiceTest" time="0.002"/>
  <testcase name="ShellEscape escape quotes strings with spaces()" classname="sh.qonqrete.intellij.QonQreteServiceTest" time="0.001"/>
  <testcase name="QageArtifacts empty has zero count()" classname="sh.qonqrete.intellij.QonQreteServiceTest" time="0.001"/>
  <testcase name="CommandBuilder run with no sync()" classname="sh.qonqrete.intellij.QonQreteServiceTest" time="0.001"/>
  <testcase name="QonQreteValidation sanitizeQonstructionName handles empty string()" classname="sh.qonqrete.intellij.QonQreteServiceTest" time="0.0"/>
  <testcase name="QonQreteValidation isValidQageName rejects invalid names()" classname="sh.qonqrete.intellij.QonQreteServiceTest" time="0.0"/>
  <testcase name="CommandBuilder resume with invalid qage throws()" classname="sh.qonqrete.intellij.QonQreteServiceTest" time="0.002"/>
  <testcase name="QonQreteValidation requireValidQageName throws on invalid()" classname="sh.qonqrete.intellij.QonQreteServiceTest" time="0.001"/>
  <testcase name="CommandBuilder clean without args()" classname="sh.qonqrete.intellij.QonQreteServiceTest" time="0.0"/>
  <testcase name="ShellEscape toUnixPath handles lowercase drive letters()" classname="sh.qonqrete.intellij.QonQreteServiceTest" time="0.0"/>
  <testcase name="ShellEscape toUnixPath preserves Unix paths()" classname="sh.qonqrete.intellij.QonQreteServiceTest" time="0.001"/>
  <testcase name="QonQreteRunConfig defaults are correct()" classname="sh.qonqrete.intellij.QonQreteServiceTest" time="0.001"/>
  <testcase name="QonQreteValidation parseQageTimestamp extracts correct timestamp()" classname="sh.qonqrete.intellij.QonQreteServiceTest" time="0.001"/>
  <testcase name="CommandBuilder clean with qage()" classname="sh.qonqrete.intellij.QonQreteServiceTest" time="0.001"/>
  <testcase name="temp tasq backup and restore flow()" classname="sh.qonqrete.intellij.QonQreteServiceTest" time="0.002"/>
  <testcase name="ShellEscape escape handles embedded single quotes()" classname="sh.qonqrete.intellij.QonQreteServiceTest" time="0.0"/>
  <testcase name="CommandBuilder run with default config()" classname="sh.qonqrete.intellij.QonQreteServiceTest" time="0.0"/>
  <testcase name="CommandBuilder buildRestoreCommand with original()" classname="sh.qonqrete.intellij.QonQreteServiceTest" time="0.003"/>
  <testcase name="qage sorting by timestamp is newest first()" classname="sh.qonqrete.intellij.QonQreteServiceTest" time="0.002"/>
  <testcase name="CommandBuilder init produces correct command()" classname="sh.qonqrete.intellij.QonQreteServiceTest" time="0.001"/>
  <testcase name="ShellEscape escape returns empty string quoted()" classname="sh.qonqrete.intellij.QonQreteServiceTest" time="0.0"/>
  <testcase name="CommandBuilder run with auto sensitivity()" classname="sh.qonqrete.intellij.QonQreteServiceTest" time="0.0"/>
  <testcase name="CommandBuilder run escapes qonstruction name with spaces()" classname="sh.qonqrete.intellij.QonQreteServiceTest" time="0.001"/>
  <testcase name="CommandBuilder clean all()" classname="sh.qonqrete.intellij.QonQreteServiceTest" time="0.001"/>
  <testcase name="QonQreteValidation sanitizeQonstructionName truncates to 64 chars()" classname="sh.qonqrete.intellij.QonQreteServiceTest" time="0.0"/>
  <system-out><![CDATA[]]></system-out>
  <system-err><![CDATA[]]></system-err>
</testsuite>
